<?xml version="1.0" encoding="UTF-8"?>
<!-- Generated by org.testng.reporters.JUnitReportReporter -->
<testsuite hostname="SurajSaini" failures="0" tests="1" name="Tests.RestAssured_DELETE" time="1.754" errors="0" timestamp="2024-12-01T23:30:33 PST" skipped="0">
  <testcase classname="Tests.RestAssured_DELETE" name="delete" time="1.754"/>
</testsuite> <!-- Tests.RestAssured_DELETE -->
