<?xml version="1.0" encoding="UTF-8"?>
<!-- Generated by org.testng.reporters.JUnitReportReporter -->
<testsuite hostname="SurajSaini" failures="0" tests="1" name="Tests.SurajSDET_RESTAssured" time="1.134" errors="0" timestamp="2024-11-04T00:27:24 PST" skipped="0">
  <testcase classname="Tests.SurajSDET_RESTAssured" name="post" time="1.134"/>
</testsuite> <!-- Tests.SurajSDET_RESTAssured -->
