<?xml version="1.0" encoding="UTF-8"?>
<!-- Generated by org.testng.reporters.JUnitReportReporter -->
<testsuite hostname="SurajSaini" failures="0" tests="2" name="Tests.RestAssured_POST" time="1.874" errors="0" timestamp="2024-12-02T00:29:50 PST" skipped="1">
  <testcase classname="Tests.RestAssured_POST" name="post" time="1.874"/>
  <testcase classname="Tests.RestAssured_POST" name="post1">
    <skipped/>
  </testcase> <!-- post1 -->
</testsuite> <!-- Tests.RestAssured_POST -->
