<?xml version="1.0" encoding="UTF-8"?>
<!-- Generated by org.testng.reporters.JUnitReportReporter -->
<testsuite hostname="SurajSaini" failures="0" tests="1" name="Tests.RestAssured_MultipleDELETE" time="1.745" errors="0" timestamp="2024-12-01T23:54:36 PST" skipped="0">
  <testcase classname="Tests.RestAssured_MultipleDELETE" name="multipleDelete" time="1.745"/>
</testsuite> <!-- Tests.RestAssured_MultipleDELETE -->
